Started GET "/" for ::1 at 2024-05-17 15:13:52 +0900
  [1m[35m (0.3ms)[0m  [1m[35mCREATE TABLE "schema_migrations" ("version" varchar NOT NULL PRIMARY KEY)[0m
  [1m[35m (0.1ms)[0m  [1m[35mCREATE TABLE "ar_internal_metadata" ("key" varchar NOT NULL PRIMARY KEY, "value" varchar, "created_at" datetime(6) NOT NULL, "updated_at" datetime(6) NOT NULL)[0m
  [1m[36mActiveRecord::SchemaMigration Load (0.1ms)[0m  [1m[34mSELECT "schema_migrations"."version" FROM "schema_migrations" ORDER BY "schema_migrations"."version" ASC[0m
Processing by Rails::WelcomeController#index as HTML
  Rendering /Users/shimadzuyuuki/.rbenv/versions/3.2.2/lib/ruby/gems/3.2.0/gems/railties-7.1.3.3/lib/rails/templates/rails/welcome/index.html.erb
  Rendered /Users/shimadzuyuuki/.rbenv/versions/3.2.2/lib/ruby/gems/3.2.0/gems/railties-7.1.3.3/lib/rails/templates/rails/welcome/index.html.erb (Duration: 0.3ms | Allocations: 375)
Completed 200 OK in 13ms (Views: 3.4ms | ActiveRecord: 0.0ms | Allocations: 7904)


Started GET "/" for ::1 at 2024-05-19 12:58:42 +0900
  [1m[36mActiveRecord::SchemaMigration Load (0.0ms)[0m  [1m[34mSELECT "schema_migrations"."version" FROM "schema_migrations" ORDER BY "schema_migrations"."version" ASC[0m
Processing by Rails::WelcomeController#index as HTML
  Rendering /Users/shimadzuyuuki/.rbenv/versions/3.2.2/lib/ruby/gems/3.2.0/gems/railties-7.1.3.3/lib/rails/templates/rails/welcome/index.html.erb
  Rendered /Users/shimadzuyuuki/.rbenv/versions/3.2.2/lib/ruby/gems/3.2.0/gems/railties-7.1.3.3/lib/rails/templates/rails/welcome/index.html.erb (Duration: 0.3ms | Allocations: 375)
Completed 200 OK in 10ms (Views: 1.5ms | ActiveRecord: 0.0ms | Allocations: 4297)


Started GET "/" for ::1 at 2024-05-19 13:03:03 +0900
  [1m[36mActiveRecord::SchemaMigration Load (0.0ms)[0m  [1m[34mSELECT "schema_migrations"."version" FROM "schema_migrations" ORDER BY "schema_migrations"."version" ASC[0m
Processing by StaticpagesController#top as HTML
  Rendering layout layouts/application.html.erb
  Rendering staticpages/top.html.erb within layouts/application
  Rendered staticpages/top.html.erb within layouts/application (Duration: 0.1ms | Allocations: 186)
  Rendered layout layouts/application.html.erb (Duration: 124.4ms | Allocations: 93802)
Completed 200 OK in 129ms (Views: 126.1ms | ActiveRecord: 0.0ms | Allocations: 97896)


Started GET "/" for ::1 at 2024-05-19 13:57:18 +0900
Processing by StaticpagesController#top as HTML
  Rendering layout layouts/application.html.erb
  Rendering staticpages/top.html.erb within layouts/application
  Rendered staticpages/top.html.erb within layouts/application (Duration: 0.1ms | Allocations: 7)
  Rendered layout layouts/application.html.erb (Duration: 17.7ms | Allocations: 6158)
Completed 200 OK in 19ms (Views: 18.2ms | ActiveRecord: 0.0ms | Allocations: 6411)


